<?xml version="1.0" encoding="UTF-8"?>
<testng-results skipped="0" failed="0" ignored="0" total="1" passed="1">
  <reporter-output>
  </reporter-output>
  <suite name="Command line suite" duration-ms="7" started-at="2020-04-12T15:42:12Z" finished-at="2020-04-12T15:42:12Z">
    <groups>
    </groups>
    <test name="Command line test" duration-ms="7" started-at="2020-04-12T15:42:12Z" finished-at="2020-04-12T15:42:12Z">
      <class name="TryBrowser.TryBrowser.AppTest">
        <test-method status="PASS" signature="testApp()[pri:0, instance:testApp(TryBrowser.TryBrowser.AppTest)]" name="testApp" duration-ms="1" started-at="2020-04-12T08:42:12Z" finished-at="2020-04-12T08:42:12Z">
          <reporter-output>
          </reporter-output>
        </test-method> <!-- testApp -->
      </class> <!-- TryBrowser.TryBrowser.AppTest -->
    </test> <!-- Command line test -->
  </suite> <!-- Command line suite -->
</testng-results>
