<?xml version="1.0" encoding="UTF-8"?>
<testng-results skipped="0" failed="0" ignored="0" total="1" passed="1">
  <reporter-output>
  </reporter-output>
  <suite name="Command line suite" duration-ms="3531" started-at="2020-04-12T15:42:09Z" finished-at="2020-04-12T15:42:12Z">
    <groups>
    </groups>
    <test name="Command line test" duration-ms="3531" started-at="2020-04-12T15:42:09Z" finished-at="2020-04-12T15:42:12Z">
      <class name="TryBrowser.TryBrowser.TestsMaven">
        <test-method status="PASS" signature="setUp()[pri:0, instance:TryBrowser.TryBrowser.TestsMaven@511baa65]" name="setUp" is-config="true" duration-ms="2155" started-at="2020-04-12T08:42:09Z" finished-at="2020-04-12T08:42:11Z">
          <reporter-output>
          </reporter-output>
        </test-method> <!-- setUp -->
        <test-method status="PASS" signature="test1()[pri:0, instance:TryBrowser.TryBrowser.TestsMaven@511baa65]" name="test1" duration-ms="1358" started-at="2020-04-12T08:42:11Z" finished-at="2020-04-12T08:42:12Z">
          <reporter-output>
          </reporter-output>
        </test-method> <!-- test1 -->
        <test-method status="PASS" signature="tearDown()[pri:0, instance:TryBrowser.TryBrowser.TestsMaven@511baa65]" name="tearDown" is-config="true" duration-ms="1" started-at="2020-04-12T08:42:12Z" finished-at="2020-04-12T08:42:12Z">
          <reporter-output>
          </reporter-output>
        </test-method> <!-- tearDown -->
      </class> <!-- TryBrowser.TryBrowser.TestsMaven -->
    </test> <!-- Command line test -->
  </suite> <!-- Command line suite -->
</testng-results>
