<?xml version="1.0" encoding="UTF-8"?>
<testng-results skipped="0" failed="0" ignored="0" total="1" passed="1">
  <reporter-output>
  </reporter-output>
  <suite name="Default suite" duration-ms="6851" started-at="2020-04-12T15:40:49Z" finished-at="2020-04-12T15:40:55Z">
    <groups>
    </groups>
    <test name="Default test" duration-ms="6851" started-at="2020-04-12T15:40:49Z" finished-at="2020-04-12T15:40:55Z">
      <class name="TryBrowser.TryBrowser.TestsMaven">
        <test-method status="PASS" signature="setUp()[pri:0, instance:TryBrowser.TryBrowser.TestsMaven@548a9f61]" name="setUp" is-config="true" duration-ms="4606" started-at="2020-04-12T08:40:49Z" finished-at="2020-04-12T08:40:53Z">
          <reporter-output>
          </reporter-output>
        </test-method> <!-- setUp -->
        <test-method status="PASS" signature="test1()[pri:0, instance:TryBrowser.TryBrowser.TestsMaven@548a9f61]" name="test1" duration-ms="2222" started-at="2020-04-12T08:40:53Z" finished-at="2020-04-12T08:40:55Z">
          <reporter-output>
          </reporter-output>
        </test-method> <!-- test1 -->
        <test-method status="PASS" signature="tearDown()[pri:0, instance:TryBrowser.TryBrowser.TestsMaven@548a9f61]" name="tearDown" is-config="true" duration-ms="0" started-at="2020-04-12T08:40:55Z" finished-at="2020-04-12T08:40:55Z">
          <reporter-output>
          </reporter-output>
        </test-method> <!-- tearDown -->
      </class> <!-- TryBrowser.TryBrowser.TestsMaven -->
    </test> <!-- Default test -->
  </suite> <!-- Default suite -->
</testng-results>
